  [1m[35m (3326.5ms)[0m  [1m[35mCREATE DATABASE "Blog-App" ENCODING = 'unicode'[0m
  [1m[35m (14.9ms)[0m  [1m[35mCREATE DATABASE "Blog-App" ENCODING = 'unicode'[0m
  [1m[35m (48.2ms)[0m  [1m[35mCREATE TABLE "schema_migrations" ("version" character varying NOT NULL PRIMARY KEY)[0m
  [1m[35m (28.8ms)[0m  [1m[35mCREATE TABLE "ar_internal_metadata" ("key" character varying NOT NULL PRIMARY KEY, "value" character varying, "created_at" timestamp(6) NOT NULL, "updated_at" timestamp(6) NOT NULL)[0m
  [1m[35m (1.7ms)[0m  [1m[34mSELECT pg_try_advisory_lock(7028984730489327060)[0m
  [1m[36mActiveRecord::SchemaMigration Pluck (5.1ms)[0m  [1m[34mSELECT "schema_migrations"."version" FROM "schema_migrations" ORDER BY "schema_migrations"."version" ASC[0m
Migrating to CreateUser (20230206084017)
  [1m[36mTRANSACTION (1.0ms)[0m  [1m[35mBEGIN[0m
  [1m[35m (55.0ms)[0m  [1m[35mCREATE TABLE "users" ("id" bigserial primary key, "name" character varying, "photo" bytea, "bio" text, "posts_ounter" integer, "created_at" timestamp(6) NOT NULL, "updated_at" timestamp(6) NOT NULL)[0m
  [1m[36mActiveRecord::SchemaMigration Create (6.6ms)[0m  [1m[32mINSERT INTO "schema_migrations" ("version") VALUES ($1) RETURNING "version"[0m  [["version", "20230206084017"]]
  [1m[36mTRANSACTION (1.7ms)[0m  [1m[35mCOMMIT[0m
Migrating to CreatePost (20230206085031)
  [1m[36mTRANSACTION (2.1ms)[0m  [1m[35mBEGIN[0m
  [1m[35m (39.5ms)[0m  [1m[35mCREATE TABLE "posts" ("id" bigserial primary key, "title" character varying, "text" text, "comments_counter" integer, "likes_counter" integer, "created_at" timestamp(6) NOT NULL, "updated_at" timestamp(6) NOT NULL)[0m
  [1m[36mActiveRecord::SchemaMigration Create (1.4ms)[0m  [1m[32mINSERT INTO "schema_migrations" ("version") VALUES ($1) RETURNING "version"[0m  [["version", "20230206085031"]]
  [1m[36mTRANSACTION (2.7ms)[0m  [1m[35mCOMMIT[0m
Migrating to CreateLike (20230206181152)
  [1m[36mTRANSACTION (2.0ms)[0m  [1m[35mBEGIN[0m
  [1m[35m (38.3ms)[0m  [1m[35mCREATE TABLE "likes" ("id" bigserial primary key, "posts_id" bigint, "created_at" timestamp(6) NOT NULL, "updated_at" timestamp(6) NOT NULL, CONSTRAINT "fk_rails_b1afef8225"
FOREIGN KEY ("posts_id")
  REFERENCES "posts" ("id")
)[0m
  [1m[35m (11.0ms)[0m  [1m[35mCREATE INDEX "index_likes_on_posts_id" ON "likes" ("posts_id")[0m
  [1m[36mActiveRecord::SchemaMigration Create (1.4ms)[0m  [1m[32mINSERT INTO "schema_migrations" ("version") VALUES ($1) RETURNING "version"[0m  [["version", "20230206181152"]]
  [1m[36mTRANSACTION (1.9ms)[0m  [1m[35mCOMMIT[0m
Migrating to CreateComment (20230207080007)
  [1m[36mTRANSACTION (2.0ms)[0m  [1m[35mBEGIN[0m
  [1m[35m (43.9ms)[0m  [1m[35mCREATE TABLE "comments" ("id" bigserial primary key, "text" text, "posts_id" bigint, "created_at" timestamp(6) NOT NULL, "updated_at" timestamp(6) NOT NULL, CONSTRAINT "fk_rails_581572ac1f"
FOREIGN KEY ("posts_id")
  REFERENCES "posts" ("id")
)[0m
  [1m[35m (10.6ms)[0m  [1m[35mCREATE INDEX "index_comments_on_posts_id" ON "comments" ("posts_id")[0m
  [1m[36mActiveRecord::SchemaMigration Create (1.4ms)[0m  [1m[32mINSERT INTO "schema_migrations" ("version") VALUES ($1) RETURNING "version"[0m  [["version", "20230207080007"]]
  [1m[36mTRANSACTION (3.0ms)[0m  [1m[35mCOMMIT[0m
Migrating to AddUserRefToLike (20230207083034)
  [1m[36mTRANSACTION (2.4ms)[0m  [1m[35mBEGIN[0m
  [1m[35m (3.3ms)[0m  [1m[35mALTER TABLE "likes" ADD "author_id" bigint NOT NULL[0m
  [1m[35m (12.3ms)[0m  [1m[35mCREATE INDEX "index_likes_on_author_id" ON "likes" ("author_id")[0m
  [1m[35m (15.5ms)[0m  [1m[35mALTER TABLE "likes" ADD CONSTRAINT "fk_rails_1f2302367a"
FOREIGN KEY ("author_id")
  REFERENCES "users" ("id")
[0m
  [1m[36mActiveRecord::SchemaMigration Create (1.4ms)[0m  [1m[32mINSERT INTO "schema_migrations" ("version") VALUES ($1) RETURNING "version"[0m  [["version", "20230207083034"]]
  [1m[36mTRANSACTION (2.1ms)[0m  [1m[35mCOMMIT[0m
Migrating to AddUserRefToComment (20230207083149)
  [1m[36mTRANSACTION (1.7ms)[0m  [1m[35mBEGIN[0m
  [1m[35m (3.3ms)[0m  [1m[35mALTER TABLE "comments" ADD "author_id" bigint NOT NULL[0m
  [1m[35m (14.5ms)[0m  [1m[35mCREATE INDEX "index_comments_on_author_id" ON "comments" ("author_id")[0m
  [1m[35m (13.7ms)[0m  [1m[35mALTER TABLE "comments" ADD CONSTRAINT "fk_rails_f44b1e3c8a"
FOREIGN KEY ("author_id")
  REFERENCES "users" ("id")
[0m
  [1m[36mActiveRecord::SchemaMigration Create (1.5ms)[0m  [1m[32mINSERT INTO "schema_migrations" ("version") VALUES ($1) RETURNING "version"[0m  [["version", "20230207083149"]]
  [1m[36mTRANSACTION (1.8ms)[0m  [1m[35mCOMMIT[0m
Migrating to AddPostRefToLike (20230207083354)
  [1m[36mTRANSACTION (1.7ms)[0m  [1m[35mBEGIN[0m
  [1m[35m (3.4ms)[0m  [1m[35mALTER TABLE "likes" ADD "post_id" bigint NOT NULL[0m
  [1m[35m (14.4ms)[0m  [1m[35mCREATE INDEX "index_likes_on_post_id" ON "likes" ("post_id")[0m
  [1m[35m (12.6ms)[0m  [1m[35mALTER TABLE "likes" ADD CONSTRAINT "fk_rails_87a8aac469"
FOREIGN KEY ("post_id")
  REFERENCES "posts" ("id")
[0m
  [1m[36mActiveRecord::SchemaMigration Create (1.8ms)[0m  [1m[32mINSERT INTO "schema_migrations" ("version") VALUES ($1) RETURNING "version"[0m  [["version", "20230207083354"]]
  [1m[36mTRANSACTION (2.4ms)[0m  [1m[35mCOMMIT[0m
Migrating to AddPostRefToComment (20230207083634)
  [1m[36mTRANSACTION (1.6ms)[0m  [1m[35mBEGIN[0m
  [1m[35m (3.2ms)[0m  [1m[35mALTER TABLE "comments" ADD "post_id" bigint NOT NULL[0m
  [1m[35m (14.0ms)[0m  [1m[35mCREATE INDEX "index_comments_on_post_id" ON "comments" ("post_id")[0m
  [1m[35m (11.0ms)[0m  [1m[35mALTER TABLE "comments" ADD CONSTRAINT "fk_rails_2fd19c0db7"
FOREIGN KEY ("post_id")
  REFERENCES "posts" ("id")
[0m
  [1m[36mActiveRecord::SchemaMigration Create (1.6ms)[0m  [1m[32mINSERT INTO "schema_migrations" ("version") VALUES ($1) RETURNING "version"[0m  [["version", "20230207083634"]]
  [1m[36mTRANSACTION (2.1ms)[0m  [1m[35mCOMMIT[0m
Migrating to AddUserRefToPost (20230207085501)
  [1m[36mTRANSACTION (1.8ms)[0m  [1m[35mBEGIN[0m
  [1m[35m (3.4ms)[0m  [1m[35mALTER TABLE "posts" ADD "author_id" bigint NOT NULL[0m
  [1m[35m (15.1ms)[0m  [1m[35mCREATE INDEX "index_posts_on_author_id" ON "posts" ("author_id")[0m
  [1m[35m (14.2ms)[0m  [1m[35mALTER TABLE "posts" ADD CONSTRAINT "fk_rails_04d13ef8c7"
FOREIGN KEY ("author_id")
  REFERENCES "users" ("id")
[0m
  [1m[36mActiveRecord::SchemaMigration Create (1.6ms)[0m  [1m[32mINSERT INTO "schema_migrations" ("version") VALUES ($1) RETURNING "version"[0m  [["version", "20230207085501"]]
  [1m[36mTRANSACTION (2.2ms)[0m  [1m[35mCOMMIT[0m
  [1m[36mActiveRecord::InternalMetadata Load (6.2ms)[0m  [1m[34mSELECT "ar_internal_metadata".* FROM "ar_internal_metadata" WHERE "ar_internal_metadata"."key" = $1 LIMIT $2[0m  [["key", "environment"], ["LIMIT", 1]]
  [1m[36mTRANSACTION (1.1ms)[0m  [1m[35mBEGIN[0m
  [1m[36mActiveRecord::InternalMetadata Create (6.8ms)[0m  [1m[32mINSERT INTO "ar_internal_metadata" ("key", "value", "created_at", "updated_at") VALUES ($1, $2, $3, $4) RETURNING "key"[0m  [["key", "environment"], ["value", "development"], ["created_at", "2023-02-07 10:05:44.337969"], ["updated_at", "2023-02-07 10:05:44.337969"]]
  [1m[36mTRANSACTION (1.8ms)[0m  [1m[35mCOMMIT[0m
  [1m[35m (1.6ms)[0m  [1m[34mSELECT pg_advisory_unlock(7028984730489327060)[0m
  [1m[36mActiveRecord::SchemaMigration Pluck (7.4ms)[0m  [1m[34mSELECT "schema_migrations"."version" FROM "schema_migrations" ORDER BY "schema_migrations"."version" ASC[0m
  [1m[35m (1.7ms)[0m  [1m[34mSELECT pg_try_advisory_lock(7028984730489327060)[0m
  [1m[36mActiveRecord::SchemaMigration Pluck (7.0ms)[0m  [1m[34mSELECT "schema_migrations"."version" FROM "schema_migrations" ORDER BY "schema_migrations"."version" ASC[0m
Migrating to RemovePostRefFromComment (20230207082447)
  [1m[36mTRANSACTION (0.9ms)[0m  [1m[35mBEGIN[0m
  [1m[35m (7.0ms)[0m  [1m[35mALTER TABLE "comments" DROP CONSTRAINT "fk_rails_581572ac1f"[0m
  [1m[35m (2.4ms)[0m  [1m[35mALTER TABLE "comments" DROP COLUMN "posts_id"[0m
  [1m[36mActiveRecord::SchemaMigration Create (3.3ms)[0m  [1m[32mINSERT INTO "schema_migrations" ("version") VALUES ($1) RETURNING "version"[0m  [["version", "20230207082447"]]
  [1m[36mTRANSACTION (12.6ms)[0m  [1m[35mCOMMIT[0m
Migrating to RemovePostRefFromLikes (20230207082622)
  [1m[36mTRANSACTION (1.2ms)[0m  [1m[35mBEGIN[0m
  [1m[35m (3.3ms)[0m  [1m[35mALTER TABLE "likes" DROP CONSTRAINT "fk_rails_b1afef8225"[0m
  [1m[35m (2.1ms)[0m  [1m[35mALTER TABLE "likes" DROP COLUMN "posts_id"[0m
  [1m[36mActiveRecord::SchemaMigration Create (1.4ms)[0m  [1m[32mINSERT INTO "schema_migrations" ("version") VALUES ($1) RETURNING "version"[0m  [["version", "20230207082622"]]
  [1m[36mTRANSACTION (10.0ms)[0m  [1m[35mCOMMIT[0m
  [1m[36mActiveRecord::InternalMetadata Load (5.4ms)[0m  [1m[34mSELECT "ar_internal_metadata".* FROM "ar_internal_metadata" WHERE "ar_internal_metadata"."key" = $1 LIMIT $2[0m  [["key", "environment"], ["LIMIT", 1]]
  [1m[35m (1.5ms)[0m  [1m[34mSELECT pg_advisory_unlock(7028984730489327060)[0m
  [1m[36mActiveRecord::SchemaMigration Pluck (6.8ms)[0m  [1m[34mSELECT "schema_migrations"."version" FROM "schema_migrations" ORDER BY "schema_migrations"."version" ASC[0m
  [1m[36mTRANSACTION (3.1ms)[0m  [1m[35mBEGIN[0m
  [1m[36mUser Create (23.9ms)[0m  [1m[32mINSERT INTO "users" ("name", "photo", "bio", "posts_ounter", "created_at", "updated_at") VALUES ($1, $2, $3, $4, $5, $6) RETURNING "id"[0m  [["name", "Tom"], ["photo", "<39 bytes of binary data>"], ["bio", "Teacher from Mexico."], ["posts_ounter", nil], ["created_at", "2023-02-08 09:15:46.407858"], ["updated_at", "2023-02-08 09:15:46.407858"]]
  [1m[36mTRANSACTION (3.5ms)[0m  [1m[35mCOMMIT[0m
  [1m[36mTRANSACTION (1.7ms)[0m  [1m[35mBEGIN[0m
  [1m[36mUser Create (1.9ms)[0m  [1m[32mINSERT INTO "users" ("name", "photo", "bio", "posts_ounter", "created_at", "updated_at") VALUES ($1, $2, $3, $4, $5, $6) RETURNING "id"[0m  [["name", "Lilly"], ["photo", "<39 bytes of binary data>"], ["bio", "Teacher from Poland."], ["posts_ounter", nil], ["created_at", "2023-02-08 09:16:07.221902"], ["updated_at", "2023-02-08 09:16:07.221902"]]
  [1m[36mTRANSACTION (1.7ms)[0m  [1m[35mCOMMIT[0m
  [1m[36mTRANSACTION (1.0ms)[0m  [1m[35mBEGIN[0m
  [1m[36mUser Create (6.6ms)[0m  [1m[32mINSERT INTO "users" ("name", "photo", "bio", "posts_ounter", "created_at", "updated_at") VALUES ($1, $2, $3, $4, $5, $6) RETURNING "id"[0m  [["name", "Dagi"], ["photo", "<39 bytes of binary data>"], ["bio", "Software devloper from ethiopia"], ["posts_ounter", nil], ["created_at", "2023-02-08 09:30:26.834536"], ["updated_at", "2023-02-08 09:30:26.834536"]]
  [1m[36mTRANSACTION (3.1ms)[0m  [1m[35mCOMMIT[0m
  [1m[36mPost Load (8.0ms)[0m  [1m[34mSELECT "posts".* FROM "posts"[0m
  [1m[36mPost Load (2.1ms)[0m  [1m[34mSELECT "posts".* FROM "posts" ORDER BY "posts"."id" ASC LIMIT $1[0m  [["LIMIT", 1]]
  [1m[36mPost Load (1.5ms)[0m  [1m[34mSELECT "posts".* FROM "posts"[0m
  [1m[36mUser Load (6.8ms)[0m  [1m[34mSELECT "users".* FROM "users"[0m
  [1m[36mTRANSACTION (1.0ms)[0m  [1m[35mBEGIN[0m
  [1m[36mUser Create (5.0ms)[0m  [1m[32mINSERT INTO "users" ("name", "photo", "bio", "posts_ounter", "created_at", "updated_at") VALUES ($1, $2, $3, $4, $5, $6) RETURNING "id"[0m  [["name", "Chandra"], ["photo", "<39 bytes of binary data>"], ["bio", "Technical Support Engineer."], ["posts_ounter", nil], ["created_at", "2023-02-08 09:45:09.518387"], ["updated_at", "2023-02-08 09:45:09.518387"]]
  [1m[36mTRANSACTION (3.5ms)[0m  [1m[35mCOMMIT[0m
  [1m[36mPost Load (6.4ms)[0m  [1m[34mSELECT "posts".* FROM "posts"[0m
  [1m[36mComment Load (14.6ms)[0m  [1m[34mSELECT "comments".* FROM "comments"[0m
  [1m[36mUser Load (3.1ms)[0m  [1m[34mSELECT "users".* FROM "users"[0m
  [1m[35m (2.9ms)[0m  [1m[34mSELECT pg_try_advisory_lock(7028984730489327060)[0m
  [1m[36mActiveRecord::SchemaMigration Pluck (10.1ms)[0m  [1m[34mSELECT "schema_migrations"."version" FROM "schema_migrations" ORDER BY "schema_migrations"."version" ASC[0m
Migrating to RenameColumnPostsCounterFromUser (20230208102916)
  [1m[36mTRANSACTION (1.0ms)[0m  [1m[35mBEGIN[0m
  [1m[35m (15.2ms)[0m  [1m[35mALTER TABLE "users" RENAME COLUMN "posts_ounter" TO "posts_counter"[0m
  [1m[36mActiveRecord::SchemaMigration Create (5.2ms)[0m  [1m[32mINSERT INTO "schema_migrations" ("version") VALUES ($1) RETURNING "version"[0m  [["version", "20230208102916"]]
  [1m[36mTRANSACTION (5.3ms)[0m  [1m[35mCOMMIT[0m
  [1m[36mActiveRecord::InternalMetadata Load (8.1ms)[0m  [1m[34mSELECT "ar_internal_metadata".* FROM "ar_internal_metadata" WHERE "ar_internal_metadata"."key" = $1 LIMIT $2[0m  [["key", "environment"], ["LIMIT", 1]]
  [1m[35m (1.4ms)[0m  [1m[34mSELECT pg_advisory_unlock(7028984730489327060)[0m
  [1m[36mActiveRecord::SchemaMigration Pluck (8.0ms)[0m  [1m[34mSELECT "schema_migrations"."version" FROM "schema_migrations" ORDER BY "schema_migrations"."version" ASC[0m
  [1m[36mUser Load (25.4ms)[0m  [1m[34mSELECT "users".* FROM "users"[0m
  [1m[36mPost Load (9.0ms)[0m  [1m[34mSELECT "posts".* FROM "posts"[0m
  [1m[36mComment Load (10.5ms)[0m  [1m[34mSELECT "comments".* FROM "comments"[0m
  [1m[36mLike Load (16.0ms)[0m  [1m[34mSELECT "likes".* FROM "likes"[0m
  [1m[36mTRANSACTION (1.3ms)[0m  [1m[35mBEGIN[0m
  [1m[36mUser Create (13.6ms)[0m  [1m[32mINSERT INTO "users" ("name", "photo", "bio", "posts_counter", "created_at", "updated_at") VALUES ($1, $2, $3, $4, $5, $6) RETURNING "id"[0m  [["name", "Melashu"], ["photo", "<39 bytes of binary data>"], ["bio", "Teacher from Woldia."], ["posts_counter", nil], ["created_at", "2023-02-08 13:21:15.010953"], ["updated_at", "2023-02-08 13:21:15.010953"]]
  [1m[36mTRANSACTION (3.8ms)[0m  [1m[35mCOMMIT[0m
  [1m[36mTRANSACTION (1.3ms)[0m  [1m[35mBEGIN[0m
  [1m[36mUser Create (6.6ms)[0m  [1m[32mINSERT INTO "users" ("name", "photo", "bio", "posts_counter", "created_at", "updated_at") VALUES ($1, $2, $3, $4, $5, $6) RETURNING "id"[0m  [["name", "Hazal"], ["photo", "<39 bytes of binary data>"], ["bio", "Teacher from Mexico."], ["posts_counter", nil], ["created_at", "2023-02-08 13:27:07.829263"], ["updated_at", "2023-02-08 13:27:07.829263"]]
  [1m[36mTRANSACTION (3.4ms)[0m  [1m[35mCOMMIT[0m
  [1m[36mTRANSACTION (1.2ms)[0m  [1m[35mBEGIN[0m
  [1m[36mPost Create (28.0ms)[0m  [1m[32mINSERT INTO "posts" ("title", "text", "comments_counter", "likes_counter", "created_at", "updated_at", "author_id") VALUES ($1, $2, $3, $4, $5, $6, $7) RETURNING "id"[0m  [["title", "Rails Testing with RSpec"], ["text", "This blog post shows how to use RSpec to test rails app"], ["comments_counter", nil], ["likes_counter", nil], ["created_at", "2023-02-08 13:27:27.506079"], ["updated_at", "2023-02-08 13:27:27.506079"], ["author_id", 6]]
  [1m[36mTRANSACTION (1.7ms)[0m  [1m[35mCOMMIT[0m
  [1m[36mPost Load (2.0ms)[0m  [1m[34mSELECT "posts".* FROM "posts"[0m
  [1m[36mTRANSACTION (1.3ms)[0m  [1m[35mBEGIN[0m
  [1m[36mPost Create (3.9ms)[0m  [1m[32mINSERT INTO "posts" ("title", "text", "comments_counter", "likes_counter", "created_at", "updated_at", "author_id") VALUES ($1, $2, $3, $4, $5, $6, $7) RETURNING "id"[0m  [["title", "Rails Model validation"], ["text", "This blog post shows how to validate  rails app"], ["comments_counter", nil], ["likes_counter", nil], ["created_at", "2023-02-08 13:30:22.810344"], ["updated_at", "2023-02-08 13:30:22.810344"], ["author_id", 6]]
  [1m[36mTRANSACTION (2.1ms)[0m  [1m[35mCOMMIT[0m
  [1m[36mTRANSACTION (1.3ms)[0m  [1m[35mBEGIN[0m
  [1m[36mPost Create (4.0ms)[0m  [1m[32mINSERT INTO "posts" ("title", "text", "comments_counter", "likes_counter", "created_at", "updated_at", "author_id") VALUES ($1, $2, $3, $4, $5, $6, $7) RETURNING "id"[0m  [["title", "Intro to Rails"], ["text", "This blog post shows how to setup  rails app"], ["comments_counter", nil], ["likes_counter", nil], ["created_at", "2023-02-08 13:31:12.799410"], ["updated_at", "2023-02-08 13:31:12.799410"], ["author_id", 6]]
  [1m[36mTRANSACTION (1.8ms)[0m  [1m[35mCOMMIT[0m
  [1m[36mTRANSACTION (1.2ms)[0m  [1m[35mBEGIN[0m
  [1m[36mUser Create (4.7ms)[0m  [1m[32mINSERT INTO "users" ("name", "photo", "bio", "posts_counter", "created_at", "updated_at") VALUES ($1, $2, $3, $4, $5, $6) RETURNING "id"[0m  [["name", "Hagos"], ["photo", "<39 bytes of binary data>"], ["bio", "manager from Eritrea"], ["posts_counter", nil], ["created_at", "2023-02-08 13:42:55.204325"], ["updated_at", "2023-02-08 13:42:55.204325"]]
  [1m[36mTRANSACTION (3.3ms)[0m  [1m[35mCOMMIT[0m
  [1m[36mTRANSACTION (0.9ms)[0m  [1m[35mBEGIN[0m
  [1m[36mPost Create (7.9ms)[0m  [1m[32mINSERT INTO "posts" ("title", "text", "comments_counter", "likes_counter", "created_at", "updated_at", "author_id") VALUES ($1, $2, $3, $4, $5, $6, $7) RETURNING "id"[0m  [["title", "Intro to Ruby"], ["text", "Ruby is a server side porog language!"], ["comments_counter", nil], ["likes_counter", nil], ["created_at", "2023-02-08 13:43:01.647239"], ["updated_at", "2023-02-08 13:43:01.647239"], ["author_id", 7]]
  [1m[36mTRANSACTION (2.1ms)[0m  [1m[35mCOMMIT[0m
  [1m[36mTRANSACTION (1.2ms)[0m  [1m[35mBEGIN[0m
  [1m[36mComment Create (26.8ms)[0m  [1m[32mINSERT INTO "comments" ("text", "created_at", "updated_at", "author_id", "post_id") VALUES ($1, $2, $3, $4, $5) RETURNING "id"[0m  [["text", "Hi Tom!"], ["created_at", "2023-02-08 13:43:35.143554"], ["updated_at", "2023-02-08 13:43:35.143554"], ["author_id", 7], ["post_id", 4]]
  [1m[36mTRANSACTION (1.8ms)[0m  [1m[35mCOMMIT[0m
  [1m[36mTRANSACTION (1.4ms)[0m  [1m[35mBEGIN[0m
  [1m[36mComment Create (4.0ms)[0m  [1m[32mINSERT INTO "comments" ("text", "created_at", "updated_at", "author_id", "post_id") VALUES ($1, $2, $3, $4, $5) RETURNING "id"[0m  [["text", "Really awesome article."], ["created_at", "2023-02-08 13:44:11.582078"], ["updated_at", "2023-02-08 13:44:11.582078"], ["author_id", 7], ["post_id", 4]]
  [1m[36mTRANSACTION (1.9ms)[0m  [1m[35mCOMMIT[0m
  [1m[36mComment Load (2.0ms)[0m  [1m[34mSELECT "comments".* FROM "comments"[0m
  [1m[36mPost Load (2.5ms)[0m  [1m[34mSELECT "posts".* FROM "posts"[0m
  [1m[36mTRANSACTION (1.2ms)[0m  [1m[35mBEGIN[0m
  [1m[36mLike Create (31.6ms)[0m  [1m[32mINSERT INTO "likes" ("created_at", "updated_at", "author_id", "post_id") VALUES ($1, $2, $3, $4) RETURNING "id"[0m  [["created_at", "2023-02-08 13:47:03.559684"], ["updated_at", "2023-02-08 13:47:03.559684"], ["author_id", 7], ["post_id", 4]]
  [1m[36mTRANSACTION (1.7ms)[0m  [1m[35mCOMMIT[0m
  [1m[36mTRANSACTION (1.1ms)[0m  [1m[35mBEGIN[0m
  [1m[36mLike Create (3.4ms)[0m  [1m[32mINSERT INTO "likes" ("created_at", "updated_at", "author_id", "post_id") VALUES ($1, $2, $3, $4) RETURNING "id"[0m  [["created_at", "2023-02-08 13:47:07.672553"], ["updated_at", "2023-02-08 13:47:07.672553"], ["author_id", 7], ["post_id", 4]]
  [1m[36mTRANSACTION (2.0ms)[0m  [1m[35mCOMMIT[0m
  [1m[36mTRANSACTION (1.0ms)[0m  [1m[35mBEGIN[0m
  [1m[36mLike Create (2.6ms)[0m  [1m[32mINSERT INTO "likes" ("created_at", "updated_at", "author_id", "post_id") VALUES ($1, $2, $3, $4) RETURNING "id"[0m  [["created_at", "2023-02-08 13:47:11.988596"], ["updated_at", "2023-02-08 13:47:11.988596"], ["author_id", 7], ["post_id", 4]]
  [1m[36mTRANSACTION (1.9ms)[0m  [1m[35mCOMMIT[0m
  [1m[36mLike Load (1.6ms)[0m  [1m[34mSELECT "likes".* FROM "likes"[0m
  [1m[36mComment Load (6.1ms)[0m  [1m[34mSELECT "comments".* FROM "comments" WHERE "comments"."post_id" = $1 ORDER BY "comments"."created_at" DESC LIMIT $2[0m  [["post_id", 4], ["LIMIT", 5]]
